[     962ms] [LOG] %c
▲

    ________   _ __ _          ____           __
   /  _/ __/  (_) /( )_____   / __/___ ______/ /_
   / // /_   / / __/// ___/  / /_/ __ `/ ___/ __/
 _/ // __/  / / /_  (__  )  / __/ /_/ (__  ) /_
/___/_/    /_/\__/ /____/  /_/  \__,_/____/\__/
    _ __ _                         _    __                    __
   (_) /( )_____   ____  ____     | |  / /__  _____________  / /
  / / __/// ___/  / __ \/ __ \    | | / / _ \/ ___/ ___/ _ \/ /
 / / /_  (__  )  / /_/ / / / /    | |/ /  __/ /  / /__/  __/ /
/_/\__/ /____/   \____/_/ /_/     |___/\___/_/   \___/\___/_/
  

Hello!

- Open Source https://vercel.com/oss
- Careers https://vercel.com/careers
- Status https://vercel-status.com

 font-family: "Geist Mono", monospace; white-space: pre; line-height: 1; @ https://vercel.com/_next/static/chunks/1l29vw7u8_irq.js?dpl=dpl_FytX35esWCjMt1Gv3BuzwhpmzwUH:78
[    3451ms] [WARNING] Deprecated API for given entry type. @ https://vercel.com/_next/static/chunks/24660xudx800e.js?dpl=dpl_FytX35esWCjMt1Gv3BuzwhpmzwUH:18
[   12095ms] [ERROR] Failed to load resource: net::ERR_CONNECTION_CLOSED @ https://m.stripe.com/6:0
[   17394ms] [WARNING] The resource https://vercel.com/_next/static/chunks/3j7d6ld0gjv-a.css?dpl=dpl_FytX35esWCjMt1Gv3BuzwhpmzwUH was preloaded using link preload but not used within a few seconds from the window's load event. Please make sure it has an appropriate `as` value and it is preloaded intentionally. @ https://vercel.com/haitaoren08-6009s-projects/one-page-me/deployments:0
[   17394ms] [WARNING] The resource https://vercel.com/_next/static/chunks/3ua3dihhokwxk.css?dpl=dpl_FytX35esWCjMt1Gv3BuzwhpmzwUH was preloaded using link preload but not used within a few seconds from the window's load event. Please make sure it has an appropriate `as` value and it is preloaded intentionally. @ https://vercel.com/haitaoren08-6009s-projects/one-page-me/deployments:0
[   17394ms] [WARNING] The resource https://vercel.com/_next/static/chunks/1uw1dgdf8jkn6.css?dpl=dpl_FytX35esWCjMt1Gv3BuzwhpmzwUH was preloaded using link preload but not used within a few seconds from the window's load event. Please make sure it has an appropriate `as` value and it is preloaded intentionally. @ https://vercel.com/haitaoren08-6009s-projects/one-page-me/deployments:0
[   17394ms] [WARNING] The resource https://vercel.com/_next/static/chunks/3d792zqltro0t.css?dpl=dpl_FytX35esWCjMt1Gv3BuzwhpmzwUH was preloaded using link preload but not used within a few seconds from the window's load event. Please make sure it has an appropriate `as` value and it is preloaded intentionally. @ https://vercel.com/haitaoren08-6009s-projects/one-page-me/deployments:0
[   17394ms] [WARNING] The resource https://vercel.com/_next/static/chunks/13t1j7hlxsp-_.css?dpl=dpl_FytX35esWCjMt1Gv3BuzwhpmzwUH was preloaded using link preload but not used within a few seconds from the window's load event. Please make sure it has an appropriate `as` value and it is preloaded intentionally. @ https://vercel.com/haitaoren08-6009s-projects/one-page-me/deployments:0
[   17394ms] [WARNING] The resource https://vercel.com/_next/static/chunks/08cd0i4vtwexf.css?dpl=dpl_FytX35esWCjMt1Gv3BuzwhpmzwUH was preloaded using link preload but not used within a few seconds from the window's load event. Please make sure it has an appropriate `as` value and it is preloaded intentionally. @ https://vercel.com/haitaoren08-6009s-projects/one-page-me/deployments:0
[   17394ms] [WARNING] The resource https://vercel.com/_next/static/chunks/1tiefx_0-i8d9.css?dpl=dpl_FytX35esWCjMt1Gv3BuzwhpmzwUH was preloaded using link preload but not used within a few seconds from the window's load event. Please make sure it has an appropriate `as` value and it is preloaded intentionally. @ https://vercel.com/haitaoren08-6009s-projects/one-page-me/deployments:0
[   17394ms] [WARNING] The resource https://vercel.com/_next/static/chunks/0ld0e81xyg1qc.css?dpl=dpl_FytX35esWCjMt1Gv3BuzwhpmzwUH was preloaded using link preload but not used within a few seconds from the window's load event. Please make sure it has an appropriate `as` value and it is preloaded intentionally. @ https://vercel.com/haitaoren08-6009s-projects/one-page-me/deployments:0
[   17394ms] [WARNING] The resource https://vercel.com/_next/static/chunks/17opwlqifv2ua.css?dpl=dpl_FytX35esWCjMt1Gv3BuzwhpmzwUH was preloaded using link preload but not used within a few seconds from the window's load event. Please make sure it has an appropriate `as` value and it is preloaded intentionally. @ https://vercel.com/haitaoren08-6009s-projects/one-page-me/deployments:0
[   17394ms] [WARNING] The resource https://vercel.com/_next/static/chunks/1xqz88f61il7t.css?dpl=dpl_FytX35esWCjMt1Gv3BuzwhpmzwUH was preloaded using link preload but not used within a few seconds from the window's load event. Please make sure it has an appropriate `as` value and it is preloaded intentionally. @ https://vercel.com/haitaoren08-6009s-projects/one-page-me/deployments:0
[   17394ms] [WARNING] The resource https://vercel.com/_next/static/chunks/1x9oiomhry8zd.css?dpl=dpl_FytX35esWCjMt1Gv3BuzwhpmzwUH was preloaded using link preload but not used within a few seconds from the window's load event. Please make sure it has an appropriate `as` value and it is preloaded intentionally. @ https://vercel.com/haitaoren08-6009s-projects/one-page-me/deployments:0
[   23515ms] [WARNING] The resource https://vercel.com/_next/static/chunks/3j7d6ld0gjv-a.css?dpl=dpl_FytX35esWCjMt1Gv3BuzwhpmzwUH was preloaded using link preload but not used within a few seconds from the window's load event. Please make sure it has an appropriate `as` value and it is preloaded intentionally. @ https://vercel.com/haitaoren08-6009s-projects/one-page-me/deployments:0
[   23515ms] [WARNING] The resource https://vercel.com/_next/static/chunks/3ua3dihhokwxk.css?dpl=dpl_FytX35esWCjMt1Gv3BuzwhpmzwUH was preloaded using link preload but not used within a few seconds from the window's load event. Please make sure it has an appropriate `as` value and it is preloaded intentionally. @ https://vercel.com/haitaoren08-6009s-projects/one-page-me/deployments:0
[   23515ms] [WARNING] The resource https://vercel.com/_next/static/chunks/1uw1dgdf8jkn6.css?dpl=dpl_FytX35esWCjMt1Gv3BuzwhpmzwUH was preloaded using link preload but not used within a few seconds from the window's load event. Please make sure it has an appropriate `as` value and it is preloaded intentionally. @ https://vercel.com/haitaoren08-6009s-projects/one-page-me/deployments:0
[   23515ms] [WARNING] The resource https://vercel.com/_next/static/chunks/3d792zqltro0t.css?dpl=dpl_FytX35esWCjMt1Gv3BuzwhpmzwUH was preloaded using link preload but not used within a few seconds from the window's load event. Please make sure it has an appropriate `as` value and it is preloaded intentionally. @ https://vercel.com/haitaoren08-6009s-projects/one-page-me/deployments:0
[   23515ms] [WARNING] The resource https://vercel.com/_next/static/chunks/13t1j7hlxsp-_.css?dpl=dpl_FytX35esWCjMt1Gv3BuzwhpmzwUH was preloaded using link preload but not used within a few seconds from the window's load event. Please make sure it has an appropriate `as` value and it is preloaded intentionally. @ https://vercel.com/haitaoren08-6009s-projects/one-page-me/deployments:0
[   23515ms] [WARNING] The resource https://vercel.com/_next/static/chunks/08cd0i4vtwexf.css?dpl=dpl_FytX35esWCjMt1Gv3BuzwhpmzwUH was preloaded using link preload but not used within a few seconds from the window's load event. Please make sure it has an appropriate `as` value and it is preloaded intentionally. @ https://vercel.com/haitaoren08-6009s-projects/one-page-me/deployments:0
[   23515ms] [WARNING] The resource https://vercel.com/_next/static/chunks/1tiefx_0-i8d9.css?dpl=dpl_FytX35esWCjMt1Gv3BuzwhpmzwUH was preloaded using link preload but not used within a few seconds from the window's load event. Please make sure it has an appropriate `as` value and it is preloaded intentionally. @ https://vercel.com/haitaoren08-6009s-projects/one-page-me/deployments:0
[   23515ms] [WARNING] The resource https://vercel.com/_next/static/chunks/0ld0e81xyg1qc.css?dpl=dpl_FytX35esWCjMt1Gv3BuzwhpmzwUH was preloaded using link preload but not used within a few seconds from the window's load event. Please make sure it has an appropriate `as` value and it is preloaded intentionally. @ https://vercel.com/haitaoren08-6009s-projects/one-page-me/deployments:0
[   23515ms] [WARNING] The resource https://vercel.com/_next/static/chunks/17opwlqifv2ua.css?dpl=dpl_FytX35esWCjMt1Gv3BuzwhpmzwUH was preloaded using link preload but not used within a few seconds from the window's load event. Please make sure it has an appropriate `as` value and it is preloaded intentionally. @ https://vercel.com/haitaoren08-6009s-projects/one-page-me/deployments:0
[   23515ms] [WARNING] The resource https://vercel.com/_next/static/chunks/1xqz88f61il7t.css?dpl=dpl_FytX35esWCjMt1Gv3BuzwhpmzwUH was preloaded using link preload but not used within a few seconds from the window's load event. Please make sure it has an appropriate `as` value and it is preloaded intentionally. @ https://vercel.com/haitaoren08-6009s-projects/one-page-me/deployments:0
[   23515ms] [WARNING] The resource https://vercel.com/_next/static/chunks/1x9oiomhry8zd.css?dpl=dpl_FytX35esWCjMt1Gv3BuzwhpmzwUH was preloaded using link preload but not used within a few seconds from the window's load event. Please make sure it has an appropriate `as` value and it is preloaded intentionally. @ https://vercel.com/haitaoren08-6009s-projects/one-page-me/deployments:0
[   31836ms] [WARNING] The resource https://vercel.com/_next/static/chunks/3j7d6ld0gjv-a.css?dpl=dpl_FytX35esWCjMt1Gv3BuzwhpmzwUH was preloaded using link preload but not used within a few seconds from the window's load event. Please make sure it has an appropriate `as` value and it is preloaded intentionally. @ https://vercel.com/haitaoren08-6009s-projects/one-page-me/deployments:0
[   31836ms] [WARNING] The resource https://vercel.com/_next/static/chunks/3ua3dihhokwxk.css?dpl=dpl_FytX35esWCjMt1Gv3BuzwhpmzwUH was preloaded using link preload but not used within a few seconds from the window's load event. Please make sure it has an appropriate `as` value and it is preloaded intentionally. @ https://vercel.com/haitaoren08-6009s-projects/one-page-me/deployments:0
[   31836ms] [WARNING] The resource https://vercel.com/_next/static/chunks/1uw1dgdf8jkn6.css?dpl=dpl_FytX35esWCjMt1Gv3BuzwhpmzwUH was preloaded using link preload but not used within a few seconds from the window's load event. Please make sure it has an appropriate `as` value and it is preloaded intentionally. @ https://vercel.com/haitaoren08-6009s-projects/one-page-me/deployments:0
[   31836ms] [WARNING] The resource https://vercel.com/_next/static/chunks/3d792zqltro0t.css?dpl=dpl_FytX35esWCjMt1Gv3BuzwhpmzwUH was preloaded using link preload but not used within a few seconds from the window's load event. Please make sure it has an appropriate `as` value and it is preloaded intentionally. @ https://vercel.com/haitaoren08-6009s-projects/one-page-me/deployments:0
[   31836ms] [WARNING] The resource https://vercel.com/_next/static/chunks/13t1j7hlxsp-_.css?dpl=dpl_FytX35esWCjMt1Gv3BuzwhpmzwUH was preloaded using link preload but not used within a few seconds from the window's load event. Please make sure it has an appropriate `as` value and it is preloaded intentionally. @ https://vercel.com/haitaoren08-6009s-projects/one-page-me/deployments:0
[   31836ms] [WARNING] The resource https://vercel.com/_next/static/chunks/08cd0i4vtwexf.css?dpl=dpl_FytX35esWCjMt1Gv3BuzwhpmzwUH was preloaded using link preload but not used within a few seconds from the window's load event. Please make sure it has an appropriate `as` value and it is preloaded intentionally. @ https://vercel.com/haitaoren08-6009s-projects/one-page-me/deployments:0
[   31836ms] [WARNING] The resource https://vercel.com/_next/static/chunks/1tiefx_0-i8d9.css?dpl=dpl_FytX35esWCjMt1Gv3BuzwhpmzwUH was preloaded using link preload but not used within a few seconds from the window's load event. Please make sure it has an appropriate `as` value and it is preloaded intentionally. @ https://vercel.com/haitaoren08-6009s-projects/one-page-me/deployments:0
[   31836ms] [WARNING] The resource https://vercel.com/_next/static/chunks/0ld0e81xyg1qc.css?dpl=dpl_FytX35esWCjMt1Gv3BuzwhpmzwUH was preloaded using link preload but not used within a few seconds from the window's load event. Please make sure it has an appropriate `as` value and it is preloaded intentionally. @ https://vercel.com/haitaoren08-6009s-projects/one-page-me/deployments:0
[   31836ms] [WARNING] The resource https://vercel.com/_next/static/chunks/17opwlqifv2ua.css?dpl=dpl_FytX35esWCjMt1Gv3BuzwhpmzwUH was preloaded using link preload but not used within a few seconds from the window's load event. Please make sure it has an appropriate `as` value and it is preloaded intentionally. @ https://vercel.com/haitaoren08-6009s-projects/one-page-me/deployments:0
[   31836ms] [WARNING] The resource https://vercel.com/_next/static/chunks/1xqz88f61il7t.css?dpl=dpl_FytX35esWCjMt1Gv3BuzwhpmzwUH was preloaded using link preload but not used within a few seconds from the window's load event. Please make sure it has an appropriate `as` value and it is preloaded intentionally. @ https://vercel.com/haitaoren08-6009s-projects/one-page-me/deployments:0
[   31836ms] [WARNING] The resource https://vercel.com/_next/static/chunks/1x9oiomhry8zd.css?dpl=dpl_FytX35esWCjMt1Gv3BuzwhpmzwUH was preloaded using link preload but not used within a few seconds from the window's load event. Please make sure it has an appropriate `as` value and it is preloaded intentionally. @ https://vercel.com/haitaoren08-6009s-projects/one-page-me/deployments:0
[   40621ms] [WARNING] The resource https://vercel.com/_next/static/chunks/3j7d6ld0gjv-a.css?dpl=dpl_FytX35esWCjMt1Gv3BuzwhpmzwUH was preloaded using link preload but not used within a few seconds from the window's load event. Please make sure it has an appropriate `as` value and it is preloaded intentionally. @ https://vercel.com/haitaoren08-6009s-projects/one-page-me/deployments:0
[   40621ms] [WARNING] The resource https://vercel.com/_next/static/chunks/3ua3dihhokwxk.css?dpl=dpl_FytX35esWCjMt1Gv3BuzwhpmzwUH was preloaded using link preload but not used within a few seconds from the window's load event. Please make sure it has an appropriate `as` value and it is preloaded intentionally. @ https://vercel.com/haitaoren08-6009s-projects/one-page-me/deployments:0
[   40621ms] [WARNING] The resource https://vercel.com/_next/static/chunks/1uw1dgdf8jkn6.css?dpl=dpl_FytX35esWCjMt1Gv3BuzwhpmzwUH was preloaded using link preload but not used within a few seconds from the window's load event. Please make sure it has an appropriate `as` value and it is preloaded intentionally. @ https://vercel.com/haitaoren08-6009s-projects/one-page-me/deployments:0
[   40621ms] [WARNING] The resource https://vercel.com/_next/static/chunks/3d792zqltro0t.css?dpl=dpl_FytX35esWCjMt1Gv3BuzwhpmzwUH was preloaded using link preload but not used within a few seconds from the window's load event. Please make sure it has an appropriate `as` value and it is preloaded intentionally. @ https://vercel.com/haitaoren08-6009s-projects/one-page-me/deployments:0
[   40621ms] [WARNING] The resource https://vercel.com/_next/static/chunks/13t1j7hlxsp-_.css?dpl=dpl_FytX35esWCjMt1Gv3BuzwhpmzwUH was preloaded using link preload but not used within a few seconds from the window's load event. Please make sure it has an appropriate `as` value and it is preloaded intentionally. @ https://vercel.com/haitaoren08-6009s-projects/one-page-me/deployments:0
[   40621ms] [WARNING] The resource https://vercel.com/_next/static/chunks/08cd0i4vtwexf.css?dpl=dpl_FytX35esWCjMt1Gv3BuzwhpmzwUH was preloaded using link preload but not used within a few seconds from the window's load event. Please make sure it has an appropriate `as` value and it is preloaded intentionally. @ https://vercel.com/haitaoren08-6009s-projects/one-page-me/deployments:0
[   40621ms] [WARNING] The resource https://vercel.com/_next/static/chunks/1tiefx_0-i8d9.css?dpl=dpl_FytX35esWCjMt1Gv3BuzwhpmzwUH was preloaded using link preload but not used within a few seconds from the window's load event. Please make sure it has an appropriate `as` value and it is preloaded intentionally. @ https://vercel.com/haitaoren08-6009s-projects/one-page-me/deployments:0
[   40621ms] [WARNING] The resource https://vercel.com/_next/static/chunks/0ld0e81xyg1qc.css?dpl=dpl_FytX35esWCjMt1Gv3BuzwhpmzwUH was preloaded using link preload but not used within a few seconds from the window's load event. Please make sure it has an appropriate `as` value and it is preloaded intentionally. @ https://vercel.com/haitaoren08-6009s-projects/one-page-me/deployments:0
[   40621ms] [WARNING] The resource https://vercel.com/_next/static/chunks/17opwlqifv2ua.css?dpl=dpl_FytX35esWCjMt1Gv3BuzwhpmzwUH was preloaded using link preload but not used within a few seconds from the window's load event. Please make sure it has an appropriate `as` value and it is preloaded intentionally. @ https://vercel.com/haitaoren08-6009s-projects/one-page-me/deployments:0
[   40621ms] [WARNING] The resource https://vercel.com/_next/static/chunks/1xqz88f61il7t.css?dpl=dpl_FytX35esWCjMt1Gv3BuzwhpmzwUH was preloaded using link preload but not used within a few seconds from the window's load event. Please make sure it has an appropriate `as` value and it is preloaded intentionally. @ https://vercel.com/haitaoren08-6009s-projects/one-page-me/deployments:0
[   40621ms] [WARNING] The resource https://vercel.com/_next/static/chunks/1x9oiomhry8zd.css?dpl=dpl_FytX35esWCjMt1Gv3BuzwhpmzwUH was preloaded using link preload but not used within a few seconds from the window's load event. Please make sure it has an appropriate `as` value and it is preloaded intentionally. @ https://vercel.com/haitaoren08-6009s-projects/one-page-me/deployments:0
